  GameProcess.cpp
c:\users\kimchanyong\documents\omoc\main.h(53): warning C4091: 'typedef ': 변수를 선언하지 않으면 'MATCHING' 왼쪽은 무시됩니다.
c:\users\kimchanyong\documents\omoc\main.h(59): warning C4091: 'typedef ': 변수를 선언하지 않으면 'UNPACK_DATA' 왼쪽은 무시됩니다.
GameProcess.cpp(5): warning C4838: 'int'에서 'SHORT'(으)로의 변환에는 축소 변환이 필요합니다.
GameProcess.cpp(34): warning C4996: 'wscanf': This function or variable may be unsafe. Consider using wscanf_s instead. To disable deprecation, use _CRT_SECURE_NO_WARNINGS. See online help for details.
  C:\Program Files (x86)\Windows Kits\10\Include\10.0.10240.0\ucrt\corecrt_wstdio.h(928): note: 'wscanf' 선언을 참조하십시오.
GameProcess.cpp(129): warning C4996: 'getch': The POSIX name for this item is deprecated. Instead, use the ISO C and C++ conformant name: _getch. See online help for details.
  C:\Program Files (x86)\Windows Kits\10\Include\10.0.10240.0\ucrt\conio.h(452): note: 'getch' 선언을 참조하십시오.
GameProcess.cpp(201): warning C4996: 'wcscpy': This function or variable may be unsafe. Consider using wcscpy_s instead. To disable deprecation, use _CRT_SECURE_NO_WARNINGS. See online help for details.
  C:\Program Files (x86)\Windows Kits\10\Include\10.0.10240.0\ucrt\corecrt_wstring.h(121): note: 'wcscpy' 선언을 참조하십시오.
GameProcess.cpp(213): warning C4996: 'kbhit': The POSIX name for this item is deprecated. Instead, use the ISO C and C++ conformant name: _kbhit. See online help for details.
  C:\Program Files (x86)\Windows Kits\10\Include\10.0.10240.0\ucrt\conio.h(458): note: 'kbhit' 선언을 참조하십시오.
GameProcess.cpp(215): warning C4996: 'getch': The POSIX name for this item is deprecated. Instead, use the ISO C and C++ conformant name: _getch. See online help for details.
  C:\Program Files (x86)\Windows Kits\10\Include\10.0.10240.0\ucrt\conio.h(452): note: 'getch' 선언을 참조하십시오.
GameProcess.cpp(274): warning C4996: 'getch': The POSIX name for this item is deprecated. Instead, use the ISO C and C++ conformant name: _getch. See online help for details.
  C:\Program Files (x86)\Windows Kits\10\Include\10.0.10240.0\ucrt\conio.h(452): note: 'getch' 선언을 참조하십시오.
GameProcess.cpp(308): warning C4996: 'wcscpy': This function or variable may be unsafe. Consider using wcscpy_s instead. To disable deprecation, use _CRT_SECURE_NO_WARNINGS. See online help for details.
  C:\Program Files (x86)\Windows Kits\10\Include\10.0.10240.0\ucrt\corecrt_wstring.h(121): note: 'wcscpy' 선언을 참조하십시오.
GameProcess.cpp(312): warning C4996: 'strcpy': This function or variable may be unsafe. Consider using strcpy_s instead. To disable deprecation, use _CRT_SECURE_NO_WARNINGS. See online help for details.
  C:\Program Files (x86)\Windows Kits\10\Include\10.0.10240.0\ucrt\string.h(119): note: 'strcpy' 선언을 참조하십시오.
GameProcess.cpp(313): warning C4996: 'strcpy': This function or variable may be unsafe. Consider using strcpy_s instead. To disable deprecation, use _CRT_SECURE_NO_WARNINGS. See online help for details.
  C:\Program Files (x86)\Windows Kits\10\Include\10.0.10240.0\ucrt\string.h(119): note: 'strcpy' 선언을 참조하십시오.
GameProcess.cpp(318): warning C4996: 'strcpy': This function or variable may be unsafe. Consider using strcpy_s instead. To disable deprecation, use _CRT_SECURE_NO_WARNINGS. See online help for details.
  C:\Program Files (x86)\Windows Kits\10\Include\10.0.10240.0\ucrt\string.h(119): note: 'strcpy' 선언을 참조하십시오.
GameProcess.cpp(319): warning C4996: 'strcpy': This function or variable may be unsafe. Consider using strcpy_s instead. To disable deprecation, use _CRT_SECURE_NO_WARNINGS. See online help for details.
  C:\Program Files (x86)\Windows Kits\10\Include\10.0.10240.0\ucrt\string.h(119): note: 'strcpy' 선언을 참조하십시오.
  main.cpp
c:\users\kimchanyong\documents\omoc\main.h(53): warning C4091: 'typedef ': 변수를 선언하지 않으면 'MATCHING' 왼쪽은 무시됩니다.
c:\users\kimchanyong\documents\omoc\main.h(59): warning C4091: 'typedef ': 변수를 선언하지 않으면 'UNPACK_DATA' 왼쪽은 무시됩니다.
  코드를 생성하고 있습니다.
c:\users\kimchanyong\documents\omoc\gameprocess.cpp(200): warning C4700: 초기화되지 않은 'unpack_data' 지역 변수를 사용했습니다.
  56 of 252 functions (22.2%) were compiled, the rest were copied from previous compilation.
    1 functions were new in current compilation
    6 functions had inline decision re-evaluated but remain unchanged
  코드를 생성했습니다.
  OMOC.vcxproj -> C:\Users\KimChanYong\Documents\OMOC\x64\Release\OMOC.exe
