  main.cpp
c:\users\kimchanyong\documents\omoc\gameprocess.h(80): error C2143: 구문 오류: ';'이(가) '*' 앞에 없습니다.
c:\users\kimchanyong\documents\omoc\gameprocess.h(80): error C4430: 형식 지정자가 없습니다. int로 가정합니다. 참고: C++에서는 기본 int를 지원하지 않습니다.
c:\users\kimchanyong\documents\omoc\gameprocess.h(80): error C2238: ';' 앞에 예기치 않은 토큰이 있습니다.
c:\users\kimchanyong\documents\omoc\gameprocess.h(46): error C2065: 'vInfo': 선언되지 않은 식별자입니다.
c:\users\kimchanyong\documents\omoc\gameprocess.h(46): error C2061: 구문 오류: 식별자 'VersusInfo'
c:\users\kimchanyong\documents\omoc\gameprocess.h(39): error C4996: 'wscanf': This function or variable may be unsafe. Consider using wscanf_s instead. To disable deprecation, use _CRT_SECURE_NO_WARNINGS. See online help for details.
  c:\program files (x86)\windows kits\10\include\10.0.10240.0\ucrt\corecrt_wstdio.h(928): note: 'wscanf' 선언을 참조하십시오.
c:\users\kimchanyong\documents\omoc\gameprocess.h(41): error C4996: 'wscanf': This function or variable may be unsafe. Consider using wscanf_s instead. To disable deprecation, use _CRT_SECURE_NO_WARNINGS. See online help for details.
  c:\program files (x86)\windows kits\10\include\10.0.10240.0\ucrt\corecrt_wstdio.h(928): note: 'wscanf' 선언을 참조하십시오.
c:\users\kimchanyong\documents\omoc\gameprocess.h(70): error C4996: 'getch': The POSIX name for this item is deprecated. Instead, use the ISO C and C++ conformant name: _getch. See online help for details.
  c:\program files (x86)\windows kits\10\include\10.0.10240.0\ucrt\conio.h(452): note: 'getch' 선언을 참조하십시오.
c:\users\kimchanyong\documents\omoc\main.cpp(8): error C4430: 형식 지정자가 없습니다. int로 가정합니다. 참고: C++에서는 기본 int를 지원하지 않습니다.
c:\users\kimchanyong\documents\omoc\main.cpp(8): error C2146: 구문 오류: ';'이(가) 'sPacketSet' 식별자 앞에 없습니다.
c:\users\kimchanyong\documents\omoc\main.cpp(9): error C3927: '->': 후행 반환 형식은 비함수 선언자 뒤에 올 수 없습니다.
c:\users\kimchanyong\documents\omoc\main.cpp(9): error C3484: 구문 오류: 반환 형식 앞에 '->'가 필요합니다.
c:\users\kimchanyong\documents\omoc\main.cpp(9): error C3613: '->' 후 반환 형식이 없습니다('int'로 간주됨).
c:\users\kimchanyong\documents\omoc\main.cpp(9): error C4430: 형식 지정자가 없습니다. int로 가정합니다. 참고: C++에서는 기본 int를 지원하지 않습니다.
c:\users\kimchanyong\documents\omoc\main.cpp(9): error C2146: 구문 오류: ';'이(가) 'Init' 식별자 앞에 없습니다.
c:\users\kimchanyong\documents\omoc\main.cpp(10): error C3927: '->': 후행 반환 형식은 비함수 선언자 뒤에 올 수 없습니다.
c:\users\kimchanyong\documents\omoc\main.cpp(10): error C3484: 구문 오류: 반환 형식 앞에 '->'가 필요합니다.
c:\users\kimchanyong\documents\omoc\main.cpp(10): error C3613: '->' 후 반환 형식이 없습니다('int'로 간주됨).
c:\users\kimchanyong\documents\omoc\main.cpp(10): error C4430: 형식 지정자가 없습니다. int로 가정합니다. 참고: C++에서는 기본 int를 지원하지 않습니다.
c:\users\kimchanyong\documents\omoc\main.cpp(10): error C2086: 'int sPacketSet': 재정의
  c:\users\kimchanyong\documents\omoc\main.cpp(9): note: 'sPacketSet' 선언을 참조하십시오.
c:\users\kimchanyong\documents\omoc\main.cpp(10): error C2146: 구문 오류: ';'이(가) 'PutBYTE' 식별자 앞에 없습니다.
c:\users\kimchanyong\documents\omoc\main.cpp(12): error C3927: '->': 후행 반환 형식은 비함수 선언자 뒤에 올 수 없습니다.
c:\users\kimchanyong\documents\omoc\main.cpp(12): error C3484: 구문 오류: 반환 형식 앞에 '->'가 필요합니다.
c:\users\kimchanyong\documents\omoc\main.cpp(12): error C3613: '->' 후 반환 형식이 없습니다('int'로 간주됨).
c:\users\kimchanyong\documents\omoc\main.cpp(12): error C4430: 형식 지정자가 없습니다. int로 가정합니다. 참고: C++에서는 기본 int를 지원하지 않습니다.
c:\users\kimchanyong\documents\omoc\main.cpp(12): error C2086: 'int sPacketSet': 재정의
  c:\users\kimchanyong\documents\omoc\main.cpp(9): note: 'sPacketSet' 선언을 참조하십시오.
c:\users\kimchanyong\documents\omoc\main.cpp(12): error C2146: 구문 오류: ';'이(가) 'Send' 식별자 앞에 없습니다.
  PacketSet.cpp
c:\users\kimchanyong\documents\omoc\packetset.cpp(37): warning C4267: '+=': 'size_t'에서 'int'(으)로 변환하면서 데이터가 손실될 수 있습니다.
c:\users\kimchanyong\documents\omoc\packetset.cpp(35): error C4996: 'wcscpy': This function or variable may be unsafe. Consider using wcscpy_s instead. To disable deprecation, use _CRT_SECURE_NO_WARNINGS. See online help for details.
  c:\program files (x86)\windows kits\10\include\10.0.10240.0\ucrt\corecrt_wstring.h(121): note: 'wcscpy' 선언을 참조하십시오.
c:\users\kimchanyong\documents\omoc\packetset.cpp(85): warning C4267: '+=': 'size_t'에서 'int'(으)로 변환하면서 데이터가 손실될 수 있습니다.
  NetworkProcess_UDP.cpp
c:\users\kimchanyong\documents\omoc\networkprocess_udp.cpp(21): error C4996: 'inet_addr': Use inet_pton() or InetPton() instead or define _WINSOCK_DEPRECATED_NO_WARNINGS to disable deprecated API warnings
  c:\program files (x86)\windows kits\8.1\include\um\winsock2.h(1850): note: 'inet_addr' 선언을 참조하십시오.
c:\users\kimchanyong\documents\omoc\networkprocess_udp.cpp(53): error C2660: 'NetWorkProcess_UDP::UDPRecive': 함수는 0개의 매개 변수를 사용하지 않습니다.
c:\users\kimchanyong\documents\omoc\networkprocess_udp.cpp(56): error C4996: 'inet_ntoa': Use inet_ntop() or InetNtop() instead or define _WINSOCK_DEPRECATED_NO_WARNINGS to disable deprecated API warnings
  c:\program files (x86)\windows kits\8.1\include\um\winsock2.h(1868): note: 'inet_ntoa' 선언을 참조하십시오.
c:\users\kimchanyong\documents\omoc\networkprocess_udp.cpp(62): error C2511: 'WORD NetWorkProcess_UDP::CheckUserNum(char *,int)': 오버로드된 멤버 함수가 'NetWorkProcess_UDP'에 없습니다.
  c:\users\kimchanyong\documents\omoc\networkprocess_udp.h(14): note: 'NetWorkProcess_UDP' 선언을 참조하십시오.
c:\users\kimchanyong\documents\omoc\networkprocess_udp.cpp(102): error C2039: 'UserNumbering': 'NetWorkProcess_UDP'의 멤버가 아닙니다.
  c:\users\kimchanyong\documents\omoc\networkprocess_udp.h(14): note: 'NetWorkProcess_UDP' 선언을 참조하십시오.
  GameProcess.cpp
c:\users\kimchanyong\documents\omoc\gameprocess.h(80): error C2143: 구문 오류: ';'이(가) '*' 앞에 없습니다.
c:\users\kimchanyong\documents\omoc\gameprocess.h(80): error C4430: 형식 지정자가 없습니다. int로 가정합니다. 참고: C++에서는 기본 int를 지원하지 않습니다.
c:\users\kimchanyong\documents\omoc\gameprocess.h(80): error C2238: ';' 앞에 예기치 않은 토큰이 있습니다.
c:\users\kimchanyong\documents\omoc\gameprocess.h(46): error C2065: 'vInfo': 선언되지 않은 식별자입니다.
c:\users\kimchanyong\documents\omoc\gameprocess.h(46): error C2061: 구문 오류: 식별자 'VersusInfo'
c:\users\kimchanyong\documents\omoc\gameprocess.h(39): error C4996: 'wscanf': This function or variable may be unsafe. Consider using wscanf_s instead. To disable deprecation, use _CRT_SECURE_NO_WARNINGS. See online help for details.
  c:\program files (x86)\windows kits\10\include\10.0.10240.0\ucrt\corecrt_wstdio.h(928): note: 'wscanf' 선언을 참조하십시오.
c:\users\kimchanyong\documents\omoc\gameprocess.h(41): error C4996: 'wscanf': This function or variable may be unsafe. Consider using wscanf_s instead. To disable deprecation, use _CRT_SECURE_NO_WARNINGS. See online help for details.
  c:\program files (x86)\windows kits\10\include\10.0.10240.0\ucrt\corecrt_wstdio.h(928): note: 'wscanf' 선언을 참조하십시오.
c:\users\kimchanyong\documents\omoc\gameprocess.h(70): error C4996: 'getch': The POSIX name for this item is deprecated. Instead, use the ISO C and C++ conformant name: _getch. See online help for details.
  c:\program files (x86)\windows kits\10\include\10.0.10240.0\ucrt\conio.h(452): note: 'getch' 선언을 참조하십시오.
c:\users\kimchanyong\documents\omoc\gameprocess.cpp(5): warning C4838: 'int'에서 'SHORT'(으)로의 변환에는 축소 변환이 필요합니다.
c:\users\kimchanyong\documents\omoc\gameprocess.cpp(104): error C2065: 'vInfo': 선언되지 않은 식별자입니다.
c:\users\kimchanyong\documents\omoc\gameprocess.cpp(104): error C2227: '->getUserInfo' 왼쪽은 클래스/구조체/공용 구조체/제네릭 형식을 가리켜야 합니다.
  c:\users\kimchanyong\documents\omoc\gameprocess.cpp(104): note: 'unknown-type' 형식입니다.
c:\users\kimchanyong\documents\omoc\gameprocess.cpp(104): error C2228: '.name' 왼쪽에는 클래스/구조체/공용 구조체가 있어야 합니다.
c:\users\kimchanyong\documents\omoc\gameprocess.cpp(105): error C2065: 'vInfo': 선언되지 않은 식별자입니다.
c:\users\kimchanyong\documents\omoc\gameprocess.cpp(105): error C2227: '->setVersusUpdate' 왼쪽은 클래스/구조체/공용 구조체/제네릭 형식을 가리켜야 합니다.
  c:\users\kimchanyong\documents\omoc\gameprocess.cpp(105): note: 'unknown-type' 형식입니다.
c:\users\kimchanyong\documents\omoc\gameprocess.cpp(109): error C2065: 'vInfo': 선언되지 않은 식별자입니다.
c:\users\kimchanyong\documents\omoc\gameprocess.cpp(109): error C2227: '->getUserInfo' 왼쪽은 클래스/구조체/공용 구조체/제네릭 형식을 가리켜야 합니다.
  c:\users\kimchanyong\documents\omoc\gameprocess.cpp(109): note: 'unknown-type' 형식입니다.
c:\users\kimchanyong\documents\omoc\gameprocess.cpp(109): error C2228: '.name' 왼쪽에는 클래스/구조체/공용 구조체가 있어야 합니다.
c:\users\kimchanyong\documents\omoc\gameprocess.cpp(110): error C2065: 'vInfo': 선언되지 않은 식별자입니다.
c:\users\kimchanyong\documents\omoc\gameprocess.cpp(110): error C2227: '->setVersusUpdate' 왼쪽은 클래스/구조체/공용 구조체/제네릭 형식을 가리켜야 합니다.
  c:\users\kimchanyong\documents\omoc\gameprocess.cpp(110): note: 'unknown-type' 형식입니다.
c:\users\kimchanyong\documents\omoc\gameprocess.cpp(115): error C2065: 'vInfo': 선언되지 않은 식별자입니다.
c:\users\kimchanyong\documents\omoc\gameprocess.cpp(115): error C2227: '->getUserInfo' 왼쪽은 클래스/구조체/공용 구조체/제네릭 형식을 가리켜야 합니다.
  c:\users\kimchanyong\documents\omoc\gameprocess.cpp(115): note: 'unknown-type' 형식입니다.
c:\users\kimchanyong\documents\omoc\gameprocess.cpp(115): error C2228: '.name' 왼쪽에는 클래스/구조체/공용 구조체가 있어야 합니다.
c:\users\kimchanyong\documents\omoc\gameprocess.cpp(115): error C2228: '.win' 왼쪽에는 클래스/구조체/공용 구조체가 있어야 합니다.
c:\users\kimchanyong\documents\omoc\gameprocess.cpp(115): error C2228: '.lose' 왼쪽에는 클래스/구조체/공용 구조체가 있어야 합니다.
c:\users\kimchanyong\documents\omoc\gameprocess.cpp(116): error C2065: 'vInfo': 선언되지 않은 식별자입니다.
c:\users\kimchanyong\documents\omoc\gameprocess.cpp(116): error C2227: '->getUserInfo' 왼쪽은 클래스/구조체/공용 구조체/제네릭 형식을 가리켜야 합니다.
  c:\users\kimchanyong\documents\omoc\gameprocess.cpp(116): note: 'unknown-type' 형식입니다.
c:\users\kimchanyong\documents\omoc\gameprocess.cpp(116): error C2228: '.name' 왼쪽에는 클래스/구조체/공용 구조체가 있어야 합니다.
c:\users\kimchanyong\documents\omoc\gameprocess.cpp(116): error C2228: '.win' 왼쪽에는 클래스/구조체/공용 구조체가 있어야 합니다.
c:\users\kimchanyong\documents\omoc\gameprocess.cpp(116): error C2228: '.lose' 왼쪽에는 클래스/구조체/공용 구조체가 있어야 합니다.
c:\users\kimchanyong\documents\omoc\gameprocess.cpp(104): warning C4473: 'wprintf': 서식 문자열에 대한 인수가 충분하게 전달되지 않았습니다.
  c:\users\kimchanyong\documents\omoc\gameprocess.cpp(104): note: 자리 표시자 및 해당 매개 변수에는 variadic 인수가 1개 필요하지만 0개가 제공되었습니다.
  c:\users\kimchanyong\documents\omoc\gameprocess.cpp(104): note: 누락된 variadic 인수 1이(가) 서식 문자열 '%s'에 필요합니다.
c:\users\kimchanyong\documents\omoc\gameprocess.cpp(109): warning C4473: 'wprintf': 서식 문자열에 대한 인수가 충분하게 전달되지 않았습니다.
  c:\users\kimchanyong\documents\omoc\gameprocess.cpp(109): note: 자리 표시자 및 해당 매개 변수에는 variadic 인수가 1개 필요하지만 0개가 제공되었습니다.
  c:\users\kimchanyong\documents\omoc\gameprocess.cpp(109): note: 누락된 variadic 인수 1이(가) 서식 문자열 '%s'에 필요합니다.
c:\users\kimchanyong\documents\omoc\gameprocess.cpp(113): error C4996: 'getch': The POSIX name for this item is deprecated. Instead, use the ISO C and C++ conformant name: _getch. See online help for details.
  c:\program files (x86)\windows kits\10\include\10.0.10240.0\ucrt\conio.h(452): note: 'getch' 선언을 참조하십시오.
c:\users\kimchanyong\documents\omoc\gameprocess.cpp(115): warning C4473: 'wprintf': 서식 문자열에 대한 인수가 충분하게 전달되지 않았습니다.
  c:\users\kimchanyong\documents\omoc\gameprocess.cpp(115): note: 자리 표시자 및 해당 매개 변수에는 variadic 인수가 3개 필요하지만 0개가 제공되었습니다.
  c:\users\kimchanyong\documents\omoc\gameprocess.cpp(115): note: 누락된 variadic 인수 1이(가) 서식 문자열 '%s'에 필요합니다.
c:\users\kimchanyong\documents\omoc\gameprocess.cpp(116): warning C4473: 'wprintf': 서식 문자열에 대한 인수가 충분하게 전달되지 않았습니다.
  c:\users\kimchanyong\documents\omoc\gameprocess.cpp(116): note: 자리 표시자 및 해당 매개 변수에는 variadic 인수가 3개 필요하지만 0개가 제공되었습니다.
  c:\users\kimchanyong\documents\omoc\gameprocess.cpp(116): note: 누락된 variadic 인수 1이(가) 서식 문자열 '%s'에 필요합니다.
c:\users\kimchanyong\documents\omoc\gameprocess.cpp(134): error C4996: 'kbhit': The POSIX name for this item is deprecated. Instead, use the ISO C and C++ conformant name: _kbhit. See online help for details.
  c:\program files (x86)\windows kits\10\include\10.0.10240.0\ucrt\conio.h(458): note: 'kbhit' 선언을 참조하십시오.
c:\users\kimchanyong\documents\omoc\gameprocess.cpp(136): error C4996: 'getch': The POSIX name for this item is deprecated. Instead, use the ISO C and C++ conformant name: _getch. See online help for details.
  c:\program files (x86)\windows kits\10\include\10.0.10240.0\ucrt\conio.h(452): note: 'getch' 선언을 참조하십시오.
  코드를 생성하고 있습니다...
